2025-06-13 17:18:44,464 - summarizer.api - INFO - Received summarization request: text length=4
2025-06-13 17:18:44,465 - summarizer.api - INFO - Generating summary...
2025-06-13 17:18:44,465 - summarizer.service - INFO - Generating summary for text of length: 4
2025-06-13 17:18:45,557 - summarizer.service - INFO - Summary generated successfully: length=90
2025-06-13 17:18:45,558 - summarizer.api - INFO - Summary generated successfully: length=90
2025-06-13 17:19:07,077 - summarizer.api - INFO - Received summarization request: text length=4
2025-06-13 17:19:07,079 - summarizer.api - INFO - Generating summary...
2025-06-13 17:19:07,080 - summarizer.service - INFO - Generating summary for text of length: 4
2025-06-13 17:19:08,336 - summarizer.service - INFO - Summary generated successfully: length=90
2025-06-13 17:19:08,336 - summarizer.api - INFO - Summary generated successfully: length=90
2025-06-13 17:19:09,007 - summarizer.api - INFO - Received summarization request: text length=4
2025-06-13 17:19:09,008 - summarizer.api - INFO - Generating summary...
2025-06-13 17:19:09,008 - summarizer.service - INFO - Generating summary for text of length: 4
2025-06-13 17:19:10,105 - summarizer.service - INFO - Summary generated successfully: length=90
2025-06-13 17:19:10,105 - summarizer.api - INFO - Summary generated successfully: length=90
2025-06-13 17:19:10,667 - summarizer.api - INFO - Received summarization request: text length=4
2025-06-13 17:19:10,668 - summarizer.api - INFO - Generating summary...
2025-06-13 17:19:10,668 - summarizer.service - INFO - Generating summary for text of length: 4
2025-06-13 17:19:11,785 - summarizer.service - INFO - Summary generated successfully: length=90
2025-06-13 17:19:11,786 - summarizer.api - INFO - Summary generated successfully: length=90
2025-06-13 17:19:12,102 - summarizer.api - INFO - Received summarization request: text length=4
2025-06-13 17:19:12,102 - summarizer.api - INFO - Generating summary...
2025-06-13 17:19:12,102 - summarizer.service - INFO - Generating summary for text of length: 4
2025-06-13 17:19:13,222 - summarizer.service - INFO - Summary generated successfully: length=90
2025-06-13 17:19:13,223 - summarizer.api - INFO - Summary generated successfully: length=90
2025-06-13 17:19:13,470 - summarizer.api - INFO - Received summarization request: text length=4
2025-06-13 17:19:13,470 - summarizer.api - INFO - Generating summary...
2025-06-13 17:19:13,470 - summarizer.service - INFO - Generating summary for text of length: 4
2025-06-13 17:19:14,852 - summarizer.service - INFO - Summary generated successfully: length=90
2025-06-13 17:19:14,852 - summarizer.api - INFO - Summary generated successfully: length=90
2025-06-13 17:19:15,095 - summarizer.api - INFO - Received summarization request: text length=4
2025-06-13 17:19:15,095 - summarizer.api - INFO - Generating summary...
2025-06-13 17:19:15,095 - summarizer.service - INFO - Generating summary for text of length: 4
2025-06-13 17:19:16,188 - summarizer.service - INFO - Summary generated successfully: length=90
2025-06-13 17:19:16,189 - summarizer.api - INFO - Summary generated successfully: length=90
2025-06-13 17:19:16,784 - summarizer.api - INFO - Received summarization request: text length=4
2025-06-13 17:19:16,786 - summarizer.api - INFO - Generating summary...
2025-06-13 17:19:16,786 - summarizer.service - INFO - Generating summary for text of length: 4
2025-06-13 17:19:17,900 - summarizer.service - INFO - Summary generated successfully: length=90
2025-06-13 17:19:17,900 - summarizer.api - INFO - Summary generated successfully: length=90
2025-06-13 17:19:18,098 - summarizer.api - INFO - Received summarization request: text length=4
2025-06-13 17:19:18,100 - summarizer.api - INFO - Generating summary...
2025-06-13 17:19:18,100 - summarizer.service - INFO - Generating summary for text of length: 4
2025-06-13 17:19:19,222 - summarizer.service - INFO - Summary generated successfully: length=90
2025-06-13 17:19:19,222 - summarizer.api - INFO - Summary generated successfully: length=90
2025-06-13 17:19:19,638 - summarizer.middleware - WARNING - Rate limit exceeded: 127.0.0.1
2025-06-13 17:19:19,639 - summarizer - ERROR - Unhandled exception: 429: Too many requests. Please try again later.
2025-06-13 17:19:29,675 - summarizer.middleware - WARNING - Rate limit exceeded: 127.0.0.1
2025-06-13 17:19:29,675 - summarizer - ERROR - Unhandled exception: 429: Too many requests. Please try again later.
2025-06-13 17:19:30,545 - summarizer.api - INFO - Received summarization request: text length=4
2025-06-13 17:19:30,548 - summarizer.api - INFO - Generating summary...
2025-06-13 17:19:30,549 - summarizer.service - INFO - Generating summary for text of length: 4
2025-06-13 17:19:31,713 - summarizer.service - INFO - Summary generated successfully: length=90
2025-06-13 17:19:31,713 - summarizer.api - INFO - Summary generated successfully: length=90
2025-06-13 17:20:59,147 - summarizer.api - INFO - Received summarization request: text length=5
2025-06-13 17:20:59,149 - summarizer.api - INFO - Generating summary...
2025-06-13 17:20:59,149 - summarizer.service - INFO - Generating summary for text of length: 5
2025-06-13 17:21:00,432 - summarizer.service - INFO - Summary generated successfully: length=98
2025-06-13 17:21:00,432 - summarizer.api - INFO - Summary generated successfully: length=98
2025-06-13 18:08:18,756 - summarizer.api - INFO - Received summarization request: text length=3
2025-06-13 18:08:18,757 - summarizer.api - INFO - Generating summary...
2025-06-13 18:08:18,757 - summarizer.service - INFO - Generating summary for text of length: 3
2025-06-13 18:08:19,820 - summarizer.service - INFO - Summary generated successfully: length=35
2025-06-13 18:08:19,821 - summarizer.api - INFO - Summary generated successfully: length=35
2025-06-13 18:51:26,378 - summarizer.api - INFO - Received summarization request: text length=6
2025-06-13 18:51:26,379 - summarizer.api - INFO - Generating summary...
2025-06-13 18:51:26,379 - summarizer.service - INFO - Generating summary for text of length: 6
2025-06-13 18:51:27,268 - summarizer.service - INFO - Summary generated successfully: length=85
2025-06-13 18:51:27,268 - summarizer.api - INFO - Summary generated successfully: length=85
2025-06-13 19:58:38,857 - summarizer.api - INFO - Received summarization request: text length=1
2025-06-13 19:58:38,858 - summarizer.api - INFO - Generating summary...
2025-06-13 19:58:38,858 - summarizer.service - INFO - Generating summary for text of length: 1
2025-06-13 19:58:39,799 - summarizer.service - INFO - Summary generated successfully: length=31
2025-06-13 19:58:39,799 - summarizer.api - INFO - Summary generated successfully: length=31
2025-06-13 21:33:44,924 - summarizer - ERROR - Unhandled exception: 'NoneType' object has no attribute 'host'
2025-06-13 21:33:45,071 - summarizer - ERROR - Unhandled exception: 'NoneType' object has no attribute 'host'
2025-06-13 21:33:45,235 - summarizer - ERROR - Unhandled exception: 'NoneType' object has no attribute 'host'
2025-06-13 21:33:45,337 - summarizer - ERROR - Unhandled exception: 'NoneType' object has no attribute 'host'
2025-06-13 21:38:58,175 - summarizer - ERROR - Unhandled exception: 'NoneType' object has no attribute 'host'
2025-06-13 21:38:58,373 - summarizer - ERROR - Unhandled exception: 'NoneType' object has no attribute 'host'
2025-06-13 21:38:58,477 - summarizer - ERROR - Unhandled exception: 'NoneType' object has no attribute 'host'
2025-06-13 21:38:58,657 - summarizer - ERROR - Unhandled exception: 'NoneType' object has no attribute 'host'
2025-06-13 21:46:43,296 - summarizer - ERROR - Unhandled exception: 'NoneType' object has no attribute 'host'
2025-06-13 21:46:43,517 - summarizer - ERROR - Unhandled exception: 'NoneType' object has no attribute 'host'
2025-06-13 21:46:43,622 - summarizer - ERROR - Unhandled exception: 'NoneType' object has no attribute 'host'
2025-06-13 21:47:55,402 - summarizer - ERROR - Unhandled exception: 'NoneType' object has no attribute 'host'
2025-06-13 21:47:55,617 - summarizer - ERROR - Unhandled exception: 'NoneType' object has no attribute 'host'
2025-06-13 21:47:55,718 - summarizer - ERROR - Unhandled exception: 'NoneType' object has no attribute 'host'
2025-06-13 21:47:55,879 - summarizer - ERROR - Unhandled exception: 'NoneType' object has no attribute 'host'
2025-06-13 21:47:56,051 - summarizer - ERROR - Unhandled exception: 'NoneType' object has no attribute 'host'
2025-06-13 21:48:25,186 - summarizer - ERROR - Unhandled exception: 'NoneType' object has no attribute 'host'
2025-06-13 21:48:25,374 - summarizer - ERROR - Unhandled exception: 'NoneType' object has no attribute 'host'
2025-06-13 21:48:25,472 - summarizer - ERROR - Unhandled exception: 'NoneType' object has no attribute 'host'
2025-06-13 21:48:25,628 - summarizer - ERROR - Unhandled exception: 'NoneType' object has no attribute 'host'
2025-06-13 21:48:25,794 - summarizer - ERROR - Unhandled exception: 'NoneType' object has no attribute 'host'
2025-06-13 21:50:00,541 - summarizer - ERROR - Unhandled exception: 'NoneType' object has no attribute 'host'
2025-06-13 21:50:00,763 - summarizer - ERROR - Unhandled exception: 'NoneType' object has no attribute 'host'
2025-06-13 21:50:00,864 - summarizer - ERROR - Unhandled exception: 'NoneType' object has no attribute 'host'
2025-06-13 21:50:01,030 - summarizer - ERROR - Unhandled exception: 'NoneType' object has no attribute 'host'
2025-06-13 21:50:01,200 - summarizer - ERROR - Unhandled exception: 'NoneType' object has no attribute 'host'
2025-06-13 21:50:23,627 - summarizer - ERROR - Unhandled exception: 'NoneType' object has no attribute 'host'
2025-06-13 21:50:23,818 - summarizer - ERROR - Unhandled exception: 'NoneType' object has no attribute 'host'
2025-06-13 21:50:23,918 - summarizer - ERROR - Unhandled exception: 'NoneType' object has no attribute 'host'
2025-06-14 10:48:06,161 - summarizer - ERROR - Unhandled exception: 'NoneType' object has no attribute 'host'
2025-06-14 10:48:06,345 - summarizer - ERROR - Unhandled exception: 'NoneType' object has no attribute 'host'
2025-06-14 10:48:06,451 - summarizer - ERROR - Unhandled exception: 'NoneType' object has no attribute 'host'
2025-06-14 10:58:07,266 - summarizer - ERROR - Unhandled exception: 'NoneType' object has no attribute 'host'
2025-06-14 10:58:07,464 - summarizer - ERROR - Unhandled exception: 'NoneType' object has no attribute 'host'
2025-06-14 10:58:07,567 - summarizer - ERROR - Unhandled exception: 'NoneType' object has no attribute 'host'
2025-06-14 11:01:33,004 - summarizer - ERROR - Unhandled exception: 'NoneType' object has no attribute 'host'
2025-06-14 11:01:33,212 - summarizer - ERROR - Unhandled exception: 'NoneType' object has no attribute 'host'
2025-06-14 11:01:33,346 - summarizer - ERROR - Unhandled exception: 'NoneType' object has no attribute 'host'
2025-06-14 11:03:21,643 - summarizer - ERROR - Unhandled exception: 'NoneType' object has no attribute 'host'
2025-06-14 11:03:21,865 - summarizer - ERROR - Unhandled exception: 'NoneType' object has no attribute 'host'
2025-06-14 11:03:21,970 - summarizer - ERROR - Unhandled exception: 'NoneType' object has no attribute 'host'
2025-06-14 11:06:13,316 - summarizer - ERROR - Unhandled exception: 'NoneType' object has no attribute 'host'
2025-06-14 11:07:50,472 - summarizer - ERROR - Unhandled exception: 'NoneType' object has no attribute 'host'
2025-06-14 11:19:40,378 - summarizer - ERROR - Unhandled exception: 'NoneType' object has no attribute 'host'
2025-06-14 11:22:01,882 - summarizer.api - INFO - Received summarization request: text length=5
2025-06-14 11:22:01,882 - summarizer.api - INFO - Generating summary...
2025-06-14 11:22:01,882 - summarizer.service - INFO - Generating summary for text of length: 5
2025-06-14 11:22:02,654 - summarizer.service - INFO - Summary generated successfully: length=71
2025-06-14 11:22:02,654 - summarizer.api - INFO - Summary generated successfully: length=71
2025-06-14 11:24:34,005 - summarizer.api - INFO - Received summarization request: text length=5
2025-06-14 11:24:34,006 - summarizer.api - INFO - Generating summary...
2025-06-14 11:24:34,006 - summarizer.api - INFO - Summary generated successfully: length=14
2025-06-14 12:30:51,563 - summarizer.api - INFO - Received summarization request: text length=1
2025-06-14 12:30:51,564 - summarizer.service - INFO - Generating summary for text of length: 1
2025-06-14 12:30:52,557 - summarizer.service - INFO - Summary generated successfully: length=58
2025-06-14 12:30:52,557 - summarizer.api - INFO - Summary generated successfully: length=58
2025-06-14 12:36:31,226 - summarizer.api - INFO - Received summarization request: text length=2
2025-06-14 12:36:31,228 - summarizer.service - INFO - Generating summary for text of length: 2
2025-06-14 12:36:32,654 - summarizer.service - INFO - Summary generated successfully: length=120
2025-06-14 12:36:32,655 - summarizer.api - INFO - Summary generated successfully: length=120
2025-06-14 12:36:53,560 - summarizer.api - INFO - Received summarization request: text length=3
2025-06-14 12:36:53,561 - summarizer.service - INFO - Generating summary for text of length: 3
2025-06-14 12:36:54,451 - summarizer.service - INFO - Summary generated successfully: length=30
2025-06-14 12:36:54,451 - summarizer.api - INFO - Summary generated successfully: length=30
2025-06-14 12:38:24,393 - summarizer.api - INFO - Received summarization request: text length=6
2025-06-14 12:38:24,394 - summarizer.service - INFO - Generating summary for text of length: 6
2025-06-14 12:38:26,201 - summarizer.service - INFO - Summary generated successfully: length=114
2025-06-14 12:38:26,201 - summarizer.api - INFO - Summary generated successfully: length=114
2025-06-14 12:42:25,471 - summarizer.api - INFO - Received summarization request: text length=1
2025-06-14 12:42:25,471 - summarizer.api - ERROR - Summarization model is not loaded
2025-06-14 12:45:21,201 - summarizer.api - INFO - Received summarization request: text length=2
2025-06-14 12:45:21,201 - summarizer.service - ERROR - Summarization attempted but model is not loaded
2025-06-14 12:45:21,201 - summarizer.api - ERROR - Error generating summary: Model is not loaded
2025-06-14 12:46:59,715 - summarizer.api - INFO - Received summarization request: text length=3
2025-06-14 12:46:59,718 - summarizer - ERROR - Unhandled exception: 1 validation errors:
  {'type': 'model_attributes_type', 'loc': ('response',), 'msg': 'Input should be a valid dictionary or object to extract fields from', 'input': None, 'url': 'https://errors.pydantic.dev/2.10/v/model_attributes_type'}

2025-06-14 12:48:03,738 - summarizer.api - INFO - Received summarization request: text length=4
2025-06-14 12:48:03,739 - summarizer.api - ERROR - Summarization model is not loaded
